<?xml version="1.0" encoding="UTF-8"?>
<coverage generated="1637835564">
  <project timestamp="1637835564">
    <file name="/home/exsio/poligon/php-symfony-arch/src/Infrastructure/Doctrine/DoctrineEntityManagerAware.php">
      <class name="App\Infrastructure\Doctrine\DoctrineEntityManagerAware" namespace="global">
        <metrics complexity="4" methods="3" coveredmethods="2" conditionals="0" coveredconditionals="0" statements="8" coveredstatements="7" elements="11" coveredelements="9"/>
      </class>
      <line num="16" type="method" name="__construct" visibility="public" complexity="1" crap="1" count="16"/>
      <line num="20" type="stmt" count="16"/>
      <line num="21" type="stmt" count="16"/>
      <line num="27" type="method" name="getManager" visibility="private" complexity="2" crap="2.03" count="16"/>
      <line num="29" type="stmt" count="16"/>
      <line num="30" type="stmt" count="16"/>
      <line num="31" type="stmt" count="16"/>
      <line num="32" type="stmt" count="16"/>
      <line num="34" type="stmt" count="0"/>
      <line num="40" type="method" name="getEntityManager" visibility="protected" complexity="1" crap="1" count="15"/>
      <line num="42" type="stmt" count="15"/>
      <line num="47" type="stmt" count="1"/>
      <metrics loc="46" ncloc="35" classes="1" methods="3" coveredmethods="2" conditionals="0" coveredconditionals="0" statements="8" coveredstatements="7" elements="11" coveredelements="9"/>
    </file>
    <file name="/home/exsio/poligon/php-symfony-arch/src/Infrastructure/Doctrine/Migrations/DoctrineMigration.php">
      <class name="App\Infrastructure\Doctrine\Migrations\DoctrineMigration" namespace="global">
        <metrics complexity="2" methods="2" coveredmethods="0" conditionals="0" coveredconditionals="0" statements="8" coveredstatements="0" elements="10" coveredelements="0"/>
      </class>
      <line num="16" type="method" name="preUp" visibility="public" complexity="1" crap="2" count="0"/>
      <line num="18" type="stmt" count="0"/>
      <line num="19" type="stmt" count="0"/>
      <line num="20" type="stmt" count="0"/>
      <line num="21" type="stmt" count="0"/>
      <line num="23" type="method" name="preDown" visibility="public" complexity="1" crap="2" count="0"/>
      <line num="25" type="stmt" count="0"/>
      <line num="26" type="stmt" count="0"/>
      <line num="27" type="stmt" count="0"/>
      <line num="28" type="stmt" count="0"/>
      <line num="31" type="stmt" count="0"/>
      <metrics loc="30" ncloc="26" classes="1" methods="2" coveredmethods="0" conditionals="0" coveredconditionals="0" statements="8" coveredstatements="0" elements="10" coveredelements="0"/>
    </file>
    <file name="/home/exsio/poligon/php-symfony-arch/src/Infrastructure/Doctrine/Repository/DoctrineRepository.php">
      <class name="App\Infrastructure\Doctrine\Repository\DoctrineRepository" namespace="global">
        <metrics complexity="1" methods="1" coveredmethods="1" conditionals="0" coveredconditionals="0" statements="2" coveredstatements="2" elements="3" coveredelements="3"/>
      </class>
      <line num="11" type="method" name="__construct" visibility="public" complexity="1" crap="1" count="16"/>
      <line num="15" type="stmt" count="16"/>
      <line num="16" type="stmt" count="16"/>
      <line num="17" type="stmt" count="1"/>
      <metrics loc="16" ncloc="16" classes="1" methods="1" coveredmethods="1" conditionals="0" coveredconditionals="0" statements="2" coveredstatements="2" elements="3" coveredelements="3"/>
    </file>
    <file name="/home/exsio/poligon/php-symfony-arch/src/Infrastructure/Doctrine/Transactions/DoctrineTransaction.php">
      <class name="App\Infrastructure\Doctrine\Transactions\DoctrineTransaction" namespace="global">
        <metrics complexity="7" methods="4" coveredmethods="2" conditionals="0" coveredconditionals="0" statements="16" coveredstatements="10" elements="20" coveredelements="12"/>
      </class>
      <line num="18" type="method" name="__construct" visibility="public" complexity="1" crap="1" count="15"/>
      <line num="23" type="stmt" count="15"/>
      <line num="24" type="stmt" count="15"/>
      <line num="25" type="stmt" count="15"/>
      <line num="31" type="method" name="execute" visibility="public" complexity="4" crap="6.00" count="15"/>
      <line num="34" type="stmt" count="15"/>
      <line num="35" type="stmt" count="15"/>
      <line num="36" type="stmt" count="10"/>
      <line num="38" type="stmt" count="15"/>
      <line num="39" type="stmt" count="0"/>
      <line num="40" type="stmt" count="0"/>
      <line num="41" type="stmt" count="0"/>
      <line num="43" type="stmt" count="0"/>
      <line num="51" type="method" name="afterCommit" visibility="public" complexity="1" crap="1" count="10"/>
      <line num="53" type="stmt" count="10"/>
      <line num="54" type="stmt" count="10"/>
      <line num="61" type="method" name="afterRollback" visibility="public" complexity="1" crap="2" count="0"/>
      <line num="63" type="stmt" count="0"/>
      <line num="64" type="stmt" count="0"/>
      <line num="66" type="stmt" count="1"/>
      <metrics loc="65" ncloc="49" classes="1" methods="4" coveredmethods="2" conditionals="0" coveredconditionals="0" statements="16" coveredstatements="10" elements="20" coveredelements="12"/>
    </file>
    <file name="/home/exsio/poligon/php-symfony-arch/src/Infrastructure/Doctrine/Transactions/DoctrineTransactionFactory.php">
      <class name="App\Infrastructure\Doctrine\Transactions\DoctrineTransactionFactory" namespace="global">
        <metrics complexity="2" methods="2" coveredmethods="2" conditionals="0" coveredconditionals="0" statements="3" coveredstatements="3" elements="5" coveredelements="5"/>
      </class>
      <line num="13" type="method" name="__construct" visibility="public" complexity="1" crap="1" count="16"/>
      <line num="17" type="stmt" count="16"/>
      <line num="18" type="stmt" count="16"/>
      <line num="20" type="method" name="createTransaction" visibility="public" complexity="1" crap="1" count="15"/>
      <line num="22" type="stmt" count="15"/>
      <line num="24" type="stmt" count="1"/>
      <metrics loc="23" ncloc="23" classes="1" methods="2" coveredmethods="2" conditionals="0" coveredconditionals="0" statements="3" coveredstatements="3" elements="5" coveredelements="5"/>
    </file>
    <file name="/home/exsio/poligon/php-symfony-arch/src/Infrastructure/Events/Api/ApplicationEventPublisher.php">
      <class name="App\Infrastructure\Events\Api\ApplicationEventPublisher" namespace="global">
        <metrics complexity="3" methods="2" coveredmethods="2" conditionals="0" coveredconditionals="0" statements="7" coveredstatements="7" elements="9" coveredelements="9"/>
      </class>
      <line num="16" type="method" name="__construct" visibility="public" complexity="1" crap="1" count="2"/>
      <line num="21" type="stmt" count="2"/>
      <line num="23" type="method" name="publish" visibility="public" complexity="2" crap="2" count="2"/>
      <line num="25" type="stmt" count="2"/>
      <line num="26" type="stmt" count="2"/>
      <line num="28" type="stmt" count="2"/>
      <line num="29" type="stmt" count="2"/>
      <line num="30" type="stmt" count="2"/>
      <line num="32" type="stmt" count="1"/>
      <metrics loc="31" ncloc="28" classes="1" methods="2" coveredmethods="2" conditionals="0" coveredconditionals="0" statements="7" coveredstatements="7" elements="9" coveredelements="9"/>
    </file>
    <file name="/home/exsio/poligon/php-symfony-arch/src/Infrastructure/Events/Api/ApplicationEventPublisherInterface.php">
      <line num="15" type="stmt" count="1"/>
      <metrics loc="14" ncloc="9" classes="0" methods="0" coveredmethods="0" conditionals="0" coveredconditionals="0" statements="0" coveredstatements="0" elements="0" coveredelements="0"/>
    </file>
    <file name="/home/exsio/poligon/php-symfony-arch/src/Infrastructure/Events/Api/ApplicationEventSubscriber.php">
      <class name="App\Infrastructure\Events\Api\ApplicationEventSubscriber" namespace="global">
        <metrics complexity="6" methods="4" coveredmethods="4" conditionals="0" coveredconditionals="0" statements="26" coveredstatements="26" elements="30" coveredelements="30"/>
      </class>
      <line num="20" type="method" name="__construct" visibility="public" complexity="1" crap="1" count="56"/>
      <line num="24" type="stmt" count="56"/>
      <line num="25" type="stmt" count="56"/>
      <line num="31" type="method" name="__invoke" visibility="public" complexity="3" crap="3" count="2"/>
      <line num="33" type="stmt" count="2"/>
      <line num="34" type="stmt" count="2"/>
      <line num="35" type="stmt" count="2"/>
      <line num="37" type="stmt" count="2"/>
      <line num="38" type="stmt" count="1"/>
      <line num="39" type="stmt" count="1"/>
      <line num="40" type="stmt" count="1"/>
      <line num="42" type="stmt" count="1"/>
      <line num="46" type="stmt" count="2"/>
      <line num="47" type="stmt" count="2"/>
      <line num="53" type="method" name="matchHandlers" visibility="private" complexity="1" crap="1" count="2"/>
      <line num="56" type="stmt" count="2"/>
      <line num="57" type="stmt" count="2"/>
      <line num="58" type="stmt" count="2"/>
      <line num="59" type="stmt" count="2"/>
      <line num="60" type="stmt" count="2"/>
      <line num="61" type="stmt" count="2"/>
      <line num="74" type="method" name="invokeHandler" visibility="public" complexity="1" crap="1" count="2"/>
      <line num="76" type="stmt" count="2"/>
      <line num="77" type="stmt" count="2"/>
      <line num="78" type="stmt" count="2"/>
      <line num="79" type="stmt" count="2"/>
      <line num="80" type="stmt" count="2"/>
      <line num="82" type="stmt" count="2"/>
      <line num="83" type="stmt" count="1"/>
      <line num="84" type="stmt" count="1"/>
      <metrics loc="83" ncloc="64" classes="1" methods="4" coveredmethods="4" conditionals="0" coveredconditionals="0" statements="26" coveredstatements="26" elements="30" coveredelements="30"/>
    </file>
    <file name="/home/exsio/poligon/php-symfony-arch/src/Infrastructure/Events/Api/EventHandlerReference.php">
      <class name="App\Infrastructure\Events\Api\EventHandlerReference" namespace="global">
        <metrics complexity="4" methods="4" coveredmethods="4" conditionals="0" coveredconditionals="0" statements="5" coveredstatements="5" elements="9" coveredelements="9"/>
      </class>
      <line num="12" type="method" name="__construct" visibility="private" complexity="1" crap="1" count="56"/>
      <line num="17" type="stmt" count="56"/>
      <line num="22" type="method" name="getHandlerMethodName" visibility="public" complexity="1" crap="1" count="2"/>
      <line num="24" type="stmt" count="2"/>
      <line num="30" type="method" name="getInboundEventClass" visibility="public" complexity="1" crap="1" count="2"/>
      <line num="32" type="stmt" count="2"/>
      <line num="35" type="method" name="create" visibility="public" complexity="1" crap="1" count="56"/>
      <line num="37" type="stmt" count="56"/>
      <line num="41" type="stmt" count="1"/>
      <metrics loc="40" ncloc="30" classes="1" methods="4" coveredmethods="4" conditionals="0" coveredconditionals="0" statements="5" coveredstatements="5" elements="9" coveredelements="9"/>
    </file>
    <file name="/home/exsio/poligon/php-symfony-arch/src/Infrastructure/Events/ApplicationInboundEvent.php">
      <class name="App\Infrastructure\Events\ApplicationInboundEvent" namespace="global">
        <metrics complexity="22" methods="9" coveredmethods="6" conditionals="0" coveredconditionals="0" statements="35" coveredstatements="32" elements="44" coveredelements="38"/>
      </class>
      <line num="24" type="method" name="__construct" visibility="public" complexity="1" crap="1" count="67"/>
      <line num="29" type="stmt" count="67"/>
      <line num="30" type="stmt" count="67"/>
      <line num="37" type="method" name="ulid" visibility="protected" complexity="3" crap="3" count="46"/>
      <line num="39" type="stmt" count="46"/>
      <line num="40" type="stmt" count="45"/>
      <line num="41" type="stmt" count="1"/>
      <line num="43" type="stmt" count="44"/>
      <line num="51" type="method" name="array" visibility="protected" complexity="3" crap="3" count="40"/>
      <line num="53" type="stmt" count="40"/>
      <line num="54" type="stmt" count="39"/>
      <line num="55" type="stmt" count="1"/>
      <line num="57" type="stmt" count="38"/>
      <line num="65" type="method" name="int" visibility="protected" complexity="3" crap="3" count="20"/>
      <line num="67" type="stmt" count="20"/>
      <line num="68" type="stmt" count="19"/>
      <line num="69" type="stmt" count="1"/>
      <line num="71" type="stmt" count="18"/>
      <line num="79" type="method" name="dateTime" visibility="protected" complexity="4" crap="4.02" count="37"/>
      <line num="81" type="stmt" count="37"/>
      <line num="82" type="stmt" count="36"/>
      <line num="83" type="stmt" count="1"/>
      <line num="85" type="stmt" count="35"/>
      <line num="86" type="stmt" count="1"/>
      <line num="88" type="stmt" count="34"/>
      <line num="89" type="stmt" count="34"/>
      <line num="90" type="stmt" count="0"/>
      <line num="92" type="stmt" count="34"/>
      <line num="101" type="method" name="string" visibility="protected" complexity="3" crap="3" count="42"/>
      <line num="103" type="stmt" count="42"/>
      <line num="104" type="stmt" count="41"/>
      <line num="105" type="stmt" count="1"/>
      <line num="107" type="stmt" count="40"/>
      <line num="115" type="method" name="value" visibility="private" complexity="3" crap="3" count="66"/>
      <line num="117" type="stmt" count="66"/>
      <line num="118" type="stmt" count="10"/>
      <line num="119" type="stmt" count="5"/>
      <line num="121" type="stmt" count="5"/>
      <line num="123" type="stmt" count="56"/>
      <line num="129" type="method" name="getEventId" visibility="public" complexity="1" crap="2" count="0"/>
      <line num="131" type="stmt" count="0"/>
      <line num="137" type="method" name="__toString" visibility="public" complexity="1" crap="2" count="0"/>
      <line num="139" type="stmt" count="0"/>
      <line num="143" type="stmt" count="1"/>
      <metrics loc="142" ncloc="95" classes="1" methods="9" coveredmethods="6" conditionals="0" coveredconditionals="0" statements="35" coveredstatements="32" elements="44" coveredelements="38"/>
    </file>
    <file name="/home/exsio/poligon/php-symfony-arch/src/Infrastructure/Events/ApplicationOutboundEvent.php">
      <class name="App\Infrastructure\Events\ApplicationOutboundEvent" namespace="global">
        <metrics complexity="6" methods="6" coveredmethods="6" conditionals="0" coveredconditionals="0" statements="10" coveredstatements="10" elements="16" coveredelements="16"/>
      </class>
      <line num="19" type="method" name="__construct" visibility="public" complexity="1" crap="1" count="35"/>
      <line num="24" type="stmt" count="35"/>
      <line num="25" type="stmt" count="35"/>
      <line num="26" type="stmt" count="35"/>
      <line num="31" type="method" name="getName" visibility="public" complexity="1" crap="1" count="2"/>
      <line num="33" type="stmt" count="2"/>
      <line num="39" type="method" name="getData" visibility="public" complexity="1" crap="1" count="22"/>
      <line num="41" type="stmt" count="22"/>
      <line num="47" type="method" name="getEventId" visibility="public" complexity="1" crap="1" count="2"/>
      <line num="49" type="stmt" count="2"/>
      <line num="55" type="method" name="setEventId" visibility="public" complexity="1" crap="1" count="2"/>
      <line num="57" type="stmt" count="2"/>
      <line num="58" type="stmt" count="2"/>
      <line num="60" type="method" name="__toString" visibility="public" complexity="1" crap="1" count="2"/>
      <line num="62" type="stmt" count="2"/>
      <line num="66" type="stmt" count="1"/>
      <metrics loc="65" ncloc="46" classes="1" methods="6" coveredmethods="6" conditionals="0" coveredconditionals="0" statements="10" coveredstatements="10" elements="16" coveredelements="16"/>
    </file>
    <file name="/home/exsio/poligon/php-symfony-arch/src/Infrastructure/Events/EventIdHolder.php">
      <class name="App\Infrastructure\Events\EventIdHolder" namespace="global">
        <metrics complexity="4" methods="4" coveredmethods="4" conditionals="0" coveredconditionals="0" statements="6" coveredstatements="6" elements="10" coveredelements="10"/>
      </class>
      <line num="15" type="method" name="set" visibility="public" complexity="1" crap="1" count="3"/>
      <line num="17" type="stmt" count="3"/>
      <line num="18" type="stmt" count="3"/>
      <line num="20" type="method" name="clear" visibility="public" complexity="1" crap="1" count="3"/>
      <line num="22" type="stmt" count="3"/>
      <line num="23" type="stmt" count="3"/>
      <line num="25" type="method" name="isSet" visibility="public" complexity="1" crap="1" count="3"/>
      <line num="27" type="stmt" count="3"/>
      <line num="30" type="method" name="get" visibility="public" complexity="1" crap="1" count="3"/>
      <line num="32" type="stmt" count="3"/>
      <line num="34" type="stmt" count="1"/>
      <metrics loc="33" ncloc="29" classes="1" methods="4" coveredmethods="4" conditionals="0" coveredconditionals="0" statements="6" coveredstatements="6" elements="10" coveredelements="10"/>
    </file>
    <file name="/home/exsio/poligon/php-symfony-arch/src/Infrastructure/Pagination/Page.php">
      <class name="App\Infrastructure\Pagination\Page" namespace="global">
        <metrics complexity="5" methods="5" coveredmethods="5" conditionals="0" coveredconditionals="0" statements="6" coveredstatements="6" elements="11" coveredelements="11"/>
      </class>
      <line num="16" type="method" name="__construct" visibility="public" complexity="1" crap="1" count="10"/>
      <line num="23" type="stmt" count="10"/>
      <line num="28" type="method" name="getData" visibility="public" complexity="1" crap="1" count="10"/>
      <line num="30" type="stmt" count="10"/>
      <line num="36" type="method" name="getCount" visibility="public" complexity="1" crap="1" count="10"/>
      <line num="38" type="stmt" count="10"/>
      <line num="44" type="method" name="getPageNo" visibility="public" complexity="1" crap="1" count="10"/>
      <line num="46" type="stmt" count="10"/>
      <line num="52" type="method" name="getPageSize" visibility="public" complexity="1" crap="1" count="10"/>
      <line num="54" type="stmt" count="10"/>
      <line num="58" type="stmt" count="1"/>
      <metrics loc="57" ncloc="37" classes="1" methods="5" coveredmethods="5" conditionals="0" coveredconditionals="0" statements="6" coveredstatements="6" elements="11" coveredelements="11"/>
    </file>
    <file name="/home/exsio/poligon/php-symfony-arch/src/Infrastructure/Security/JWTBaseListener.php">
      <class name="App\Infrastructure\Security\JWTBaseListener" namespace="global">
        <metrics complexity="1" methods="1" coveredmethods="1" conditionals="0" coveredconditionals="0" statements="11" coveredstatements="11" elements="12" coveredelements="12"/>
      </class>
      <line num="13" type="method" name="createCookie" visibility="protected" complexity="1" crap="1" count="3"/>
      <line num="15" type="stmt" count="3"/>
      <line num="16" type="stmt" count="3"/>
      <line num="17" type="stmt" count="3"/>
      <line num="19" type="stmt" count="3"/>
      <line num="20" type="stmt" count="3"/>
      <line num="21" type="stmt" count="3"/>
      <line num="22" type="stmt" count="3"/>
      <line num="23" type="stmt" count="3"/>
      <line num="24" type="stmt" count="3"/>
      <line num="25" type="stmt" count="3"/>
      <line num="28" type="stmt" count="3"/>
      <line num="29" type="stmt" count="1"/>
      <metrics loc="28" ncloc="25" classes="1" methods="1" coveredmethods="1" conditionals="0" coveredconditionals="0" statements="11" coveredstatements="11" elements="12" coveredelements="12"/>
    </file>
    <file name="/home/exsio/poligon/php-symfony-arch/src/Infrastructure/Security/JWTCommonListener.php">
      <class name="App\Infrastructure\Security\JWTCommonListener" namespace="global">
        <metrics complexity="6" methods="3" coveredmethods="2" conditionals="0" coveredconditionals="0" statements="12" coveredstatements="9" elements="15" coveredelements="11"/>
      </class>
      <line num="23" type="method" name="__construct" visibility="public" complexity="1" crap="1" count="15"/>
      <line num="26" type="stmt" count="15"/>
      <line num="28" type="method" name="onAuthenticatedAccess" visibility="public" complexity="1" crap="1" count="7"/>
      <line num="30" type="stmt" count="7"/>
      <line num="31" type="stmt" count="7"/>
      <line num="32" type="stmt" count="7"/>
      <line num="34" type="method" name="onAuthenticatedResponse" visibility="public" complexity="4" crap="5.26" count="15"/>
      <line num="36" type="stmt" count="15"/>
      <line num="37" type="stmt" count="7"/>
      <line num="38" type="stmt" count="7"/>
      <line num="40" type="stmt" count="0"/>
      <line num="41" type="stmt" count="0"/>
      <line num="43" type="stmt" count="0"/>
      <line num="46" type="stmt" count="15"/>
      <line num="47" type="stmt" count="1"/>
      <metrics loc="46" ncloc="39" classes="1" methods="3" coveredmethods="2" conditionals="0" coveredconditionals="0" statements="12" coveredstatements="9" elements="15" coveredelements="11"/>
    </file>
    <file name="/home/exsio/poligon/php-symfony-arch/src/Infrastructure/Security/JWTLoggedInUserProvider.php">
      <class name="App\Infrastructure\Security\JWTLoggedInUserProvider" namespace="global">
        <metrics complexity="4" methods="2" coveredmethods="1" conditionals="0" coveredconditionals="0" statements="8" coveredstatements="6" elements="10" coveredelements="7"/>
      </class>
      <line num="13" type="method" name="__construct" visibility="public" complexity="1" crap="1" count="7"/>
      <line num="17" type="stmt" count="7"/>
      <line num="19" type="method" name="getUser" visibility="public" complexity="3" crap="3.33" count="7"/>
      <line num="21" type="stmt" count="7"/>
      <line num="22" type="stmt" count="7"/>
      <line num="23" type="stmt" count="0"/>
      <line num="25" type="stmt" count="7"/>
      <line num="26" type="stmt" count="7"/>
      <line num="28" type="stmt" count="0"/>
      <line num="30" type="stmt" count="1"/>
      <metrics loc="29" ncloc="26" classes="1" methods="2" coveredmethods="1" conditionals="0" coveredconditionals="0" statements="8" coveredstatements="6" elements="10" coveredelements="7"/>
    </file>
    <file name="/home/exsio/poligon/php-symfony-arch/src/Infrastructure/Security/LoggedInUser.php">
      <class name="App\Infrastructure\Security\LoggedInUser" namespace="global">
        <metrics complexity="7" methods="7" coveredmethods="6" conditionals="0" coveredconditionals="0" statements="10" coveredstatements="9" elements="17" coveredelements="15"/>
      </class>
      <line num="16" type="method" name="__construct" visibility="public" complexity="1" crap="1" count="28"/>
      <line num="22" type="stmt" count="28"/>
      <line num="27" type="method" name="getId" visibility="public" complexity="1" crap="1" count="28"/>
      <line num="29" type="stmt" count="28"/>
      <line num="36" type="method" name="getEmail" visibility="public" complexity="1" crap="1" count="28"/>
      <line num="38" type="stmt" count="28"/>
      <line num="44" type="method" name="getRoles" visibility="public" complexity="1" crap="1" count="16"/>
      <line num="46" type="stmt" count="16"/>
      <line num="54" type="method" name="createFromPayload" visibility="public" complexity="1" crap="1" count="7"/>
      <line num="56" type="stmt" count="7"/>
      <line num="57" type="stmt" count="7"/>
      <line num="59" type="stmt" count="7"/>
      <line num="63" type="method" name="eraseCredentials" visibility="public" complexity="1" crap="1" count="7"/>
      <line num="65" type="stmt" count="7"/>
      <line num="67" type="method" name="getUserIdentifier" visibility="public" complexity="1" crap="2" count="0"/>
      <line num="69" type="stmt" count="0"/>
      <line num="71" type="stmt" count="1"/>
      <metrics loc="70" ncloc="51" classes="1" methods="7" coveredmethods="6" conditionals="0" coveredconditionals="0" statements="10" coveredstatements="9" elements="17" coveredelements="15"/>
    </file>
    <file name="/home/exsio/poligon/php-symfony-arch/src/Infrastructure/Security/LoggedInUserProviderInterface.php">
      <line num="8" type="stmt" count="1"/>
      <metrics loc="7" ncloc="7" classes="0" methods="0" coveredmethods="0" conditionals="0" coveredconditionals="0" statements="0" coveredstatements="0" elements="0" coveredelements="0"/>
    </file>
    <file name="/home/exsio/poligon/php-symfony-arch/src/Infrastructure/Security/Permission.php">
      <class name="App\Infrastructure\Security\Permission" namespace="global">
        <metrics complexity="0" methods="0" coveredmethods="0" conditionals="0" coveredconditionals="0" statements="0" coveredstatements="0" elements="0" coveredelements="0"/>
      </class>
      <line num="9" type="stmt" count="1"/>
      <metrics loc="8" ncloc="8" classes="0" methods="0" coveredmethods="0" conditionals="0" coveredconditionals="0" statements="0" coveredstatements="0" elements="0" coveredelements="0"/>
    </file>
    <file name="/home/exsio/poligon/php-symfony-arch/src/Infrastructure/Security/SecuredResourceAwareInterface.php">
      <line num="8" type="stmt" count="1"/>
      <metrics loc="7" ncloc="7" classes="0" methods="0" coveredmethods="0" conditionals="0" coveredconditionals="0" statements="0" coveredstatements="0" elements="0" coveredelements="0"/>
    </file>
    <file name="/home/exsio/poligon/php-symfony-arch/src/Infrastructure/Services/ParamConverter/JsonParamConverter.php">
      <class name="App\Infrastructure\Services\ParamConverter\JsonParamConverter" namespace="global">
        <metrics complexity="8" methods="5" coveredmethods="3" conditionals="0" coveredconditionals="0" statements="19" coveredstatements="14" elements="24" coveredelements="17"/>
      </class>
      <line num="21" type="method" name="__construct" visibility="public" complexity="1" crap="1" count="13"/>
      <line num="27" type="stmt" count="13"/>
      <line num="33" type="method" name="apply" visibility="public" complexity="1" crap="1" count="9"/>
      <line num="35" type="stmt" count="9"/>
      <line num="36" type="stmt" count="9"/>
      <line num="37" type="stmt" count="9"/>
      <line num="40" type="stmt" count="9"/>
      <line num="46" type="method" name="supports" visibility="public" complexity="2" crap="2" count="13"/>
      <line num="48" type="stmt" count="13"/>
      <line num="56" type="method" name="deserialize" visibility="public" complexity="2" crap="2.31" count="9"/>
      <line num="59" type="stmt" count="9"/>
      <line num="60" type="stmt" count="9"/>
      <line num="62" type="stmt" count="9"/>
      <line num="64" type="stmt" count="0"/>
      <line num="65" type="stmt" count="0"/>
      <line num="66" type="stmt" count="0"/>
      <line num="68" type="stmt" count="9"/>
      <line num="75" type="method" name="validate" visibility="public" complexity="2" crap="2.26" count="9"/>
      <line num="77" type="stmt" count="9"/>
      <line num="78" type="stmt" count="9"/>
      <line num="79" type="stmt" count="0"/>
      <line num="80" type="stmt" count="0"/>
      <line num="82" type="stmt" count="9"/>
      <line num="84" type="stmt" count="1"/>
      <metrics loc="83" ncloc="59" classes="1" methods="5" coveredmethods="3" conditionals="0" coveredconditionals="0" statements="19" coveredstatements="14" elements="24" coveredelements="17"/>
    </file>
    <file name="/home/exsio/poligon/php-symfony-arch/src/Infrastructure/Transactions/TransactionFactoryInterface.php">
      <line num="17" type="stmt" count="1"/>
      <metrics loc="16" ncloc="8" classes="0" methods="0" coveredmethods="0" conditionals="0" coveredconditionals="0" statements="0" coveredstatements="0" elements="0" coveredelements="0"/>
    </file>
    <file name="/home/exsio/poligon/php-symfony-arch/src/Infrastructure/Transactions/TransactionInterface.php">
      <line num="16" type="stmt" count="1"/>
      <metrics loc="15" ncloc="11" classes="0" methods="0" coveredmethods="0" conditionals="0" coveredconditionals="0" statements="0" coveredstatements="0" elements="0" coveredelements="0"/>
    </file>
    <file name="/home/exsio/poligon/php-symfony-arch/src/Infrastructure/Utils/StringUtil.php">
      <class name="App\Infrastructure\Utils\StringUtil" namespace="global">
        <metrics complexity="3" methods="1" coveredmethods="1" conditionals="0" coveredconditionals="0" statements="4" coveredstatements="4" elements="5" coveredelements="5"/>
      </class>
      <line num="12" type="method" name="getSummary" visibility="public" complexity="3" crap="3" count="23"/>
      <line num="14" type="stmt" count="23"/>
      <line num="15" type="stmt" count="2"/>
      <line num="17" type="stmt" count="21"/>
      <line num="18" type="stmt" count="21"/>
      <line num="20" type="stmt" count="1"/>
      <metrics loc="19" ncloc="14" classes="1" methods="1" coveredmethods="1" conditionals="0" coveredconditionals="0" statements="4" coveredstatements="4" elements="5" coveredelements="5"/>
    </file>
    <file name="/home/exsio/poligon/php-symfony-arch/src/Kernel.php">
      <class name="App\Kernel" namespace="global">
        <metrics complexity="0" methods="0" coveredmethods="0" conditionals="0" coveredconditionals="0" statements="0" coveredstatements="0" elements="0" coveredelements="0"/>
      </class>
      <metrics loc="11" ncloc="11" classes="0" methods="0" coveredmethods="0" conditionals="0" coveredconditionals="0" statements="0" coveredstatements="0" elements="0" coveredelements="0"/>
    </file>
    <file name="/home/exsio/poligon/php-symfony-arch/src/Modules/Comments/Api/Command/BaselineCommentsCommand.php">
      <class name="App\Modules\Comments\Api\Command\BaselineCommentsCommand" namespace="global">
        <metrics complexity="6" methods="4" coveredmethods="3" conditionals="0" coveredconditionals="0" statements="14" coveredstatements="12" elements="18" coveredelements="15"/>
      </class>
      <line num="21" type="method" name="__construct" visibility="public" complexity="1" crap="1" count="1"/>
      <line num="25" type="stmt" count="1"/>
      <line num="26" type="stmt" count="1"/>
      <line num="29" type="method" name="configure" visibility="protected" complexity="1" crap="1" count="1"/>
      <line num="31" type="stmt" count="1"/>
      <line num="32" type="stmt" count="1"/>
      <line num="39" type="method" name="execute" visibility="protected" complexity="3" crap="3.14" count="1"/>
      <line num="42" type="stmt" count="1"/>
      <line num="43" type="stmt" count="1"/>
      <line num="44" type="stmt" count="0"/>
      <line num="46" type="stmt" count="1"/>
      <line num="47" type="stmt" count="1"/>
      <line num="48" type="stmt" count="0"/>
      <line num="50" type="stmt" count="1"/>
      <line num="53" type="stmt" count="1"/>
      <line num="60" type="method" name="getFrom" visibility="public" complexity="1" crap="1" count="1"/>
      <line num="62" type="stmt" count="1"/>
      <line num="68" type="stmt" count="1"/>
      <metrics loc="67" ncloc="56" classes="1" methods="4" coveredmethods="3" conditionals="0" coveredconditionals="0" statements="14" coveredstatements="12" elements="18" coveredelements="15"/>
    </file>
    <file name="/home/exsio/poligon/php-symfony-arch/src/Modules/Comments/Api/Command/CreateCommentCommand.php">
      <class name="App\Modules\Comments\Api\Command\CreateCommentCommand" namespace="global">
        <metrics complexity="5" methods="5" coveredmethods="5" conditionals="0" coveredconditionals="0" statements="6" coveredstatements="6" elements="11" coveredelements="11"/>
      </class>
      <line num="16" type="method" name="__construct" visibility="public" complexity="1" crap="1" count="7"/>
      <line num="23" type="stmt" count="7"/>
      <line num="28" type="method" name="getPostId" visibility="public" complexity="1" crap="1" count="7"/>
      <line num="30" type="stmt" count="7"/>
      <line num="36" type="method" name="getAuthor" visibility="public" complexity="1" crap="1" count="6"/>
      <line num="38" type="stmt" count="6"/>
      <line num="44" type="method" name="getBody" visibility="public" complexity="1" crap="1" count="6"/>
      <line num="46" type="stmt" count="6"/>
      <line num="52" type="method" name="getParentId" visibility="public" complexity="1" crap="1" count="6"/>
      <line num="54" type="stmt" count="6"/>
      <line num="58" type="stmt" count="1"/>
      <metrics loc="57" ncloc="39" classes="1" methods="5" coveredmethods="5" conditionals="0" coveredconditionals="0" statements="6" coveredstatements="6" elements="11" coveredelements="11"/>
    </file>
    <file name="/home/exsio/poligon/php-symfony-arch/src/Modules/Comments/Api/Command/Response/CreateCommentCommandResponse.php">
      <class name="App\Modules\Comments\Api\Command\Response\CreateCommentCommandResponse" namespace="global">
        <metrics complexity="2" methods="2" coveredmethods="2" conditionals="0" coveredconditionals="0" statements="3" coveredstatements="3" elements="5" coveredelements="5"/>
      </class>
      <line num="13" type="method" name="__construct" visibility="public" complexity="1" crap="1" count="6"/>
      <line num="17" type="stmt" count="6"/>
      <line num="22" type="method" name="getId" visibility="public" complexity="1" crap="1" count="6"/>
      <line num="24" type="stmt" count="6"/>
      <line num="26" type="stmt" count="1"/>
      <metrics loc="25" ncloc="19" classes="1" methods="2" coveredmethods="2" conditionals="0" coveredconditionals="0" statements="3" coveredstatements="3" elements="5" coveredelements="5"/>
    </file>
    <file name="/home/exsio/poligon/php-symfony-arch/src/Modules/Comments/Api/CommentsApiInterface.php">
      <line num="69" type="stmt" count="1"/>
      <metrics loc="68" ncloc="38" classes="0" methods="0" coveredmethods="0" conditionals="0" coveredconditionals="0" statements="0" coveredstatements="0" elements="0" coveredelements="0"/>
    </file>
    <file name="/home/exsio/poligon/php-symfony-arch/src/Modules/Comments/Api/Controller/CommentsCommandController.php">
      <class name="App\Modules\Comments\Api\Controller\CommentsCommandController" namespace="global">
        <metrics complexity="2" methods="2" coveredmethods="2" conditionals="0" coveredconditionals="0" statements="4" coveredstatements="4" elements="6" coveredelements="6"/>
      </class>
      <line num="19" type="method" name="__construct" visibility="public" complexity="1" crap="1" count="2"/>
      <line num="23" type="stmt" count="2"/>
      <line num="29" type="method" name="createComment" visibility="public" complexity="1" crap="1" count="2"/>
      <line num="32" type="stmt" count="2"/>
      <line num="33" type="stmt" count="2"/>
      <line num="38" type="stmt" count="1"/>
      <metrics loc="37" ncloc="30" classes="1" methods="2" coveredmethods="2" conditionals="0" coveredconditionals="0" statements="4" coveredstatements="4" elements="6" coveredelements="6"/>
    </file>
    <file name="/home/exsio/poligon/php-symfony-arch/src/Modules/Comments/Api/Controller/CommentsQueryController.php">
      <class name="App\Modules\Comments\Api\Controller\CommentsQueryController" namespace="global">
        <metrics complexity="3" methods="3" coveredmethods="3" conditionals="0" coveredconditionals="0" statements="7" coveredstatements="7" elements="10" coveredelements="10"/>
      </class>
      <line num="20" type="method" name="__construct" visibility="public" complexity="1" crap="1" count="1"/>
      <line num="24" type="stmt" count="1"/>
      <line num="30" type="method" name="getCommentsForPost" visibility="public" complexity="1" crap="1" count="1"/>
      <line num="33" type="stmt" count="1"/>
      <line num="34" type="stmt" count="1"/>
      <line num="42" type="method" name="getLatestComments" visibility="public" complexity="1" crap="1" count="1"/>
      <line num="45" type="stmt" count="1"/>
      <line num="46" type="stmt" count="1"/>
      <line num="47" type="stmt" count="1"/>
      <line num="50" type="stmt" count="1"/>
      <metrics loc="49" ncloc="38" classes="1" methods="3" coveredmethods="3" conditionals="0" coveredconditionals="0" statements="7" coveredstatements="7" elements="10" coveredelements="10"/>
    </file>
    <file name="/home/exsio/poligon/php-symfony-arch/src/Modules/Comments/Api/Event/Inbound/PostCreatedCommentsIEvent.php">
      <class name="App\Modules\Comments\Api\Event\Inbound\PostCreatedCommentsIEvent" namespace="global">
        <metrics complexity="8" methods="8" coveredmethods="8" conditionals="0" coveredconditionals="0" statements="16" coveredstatements="16" elements="24" coveredelements="24"/>
      </class>
      <line num="29" type="method" name="__construct" visibility="public" complexity="1" crap="1" count="12"/>
      <line num="31" type="stmt" count="12"/>
      <line num="32" type="stmt" count="12"/>
      <line num="33" type="stmt" count="12"/>
      <line num="34" type="stmt" count="12"/>
      <line num="35" type="stmt" count="12"/>
      <line num="36" type="stmt" count="12"/>
      <line num="37" type="stmt" count="12"/>
      <line num="38" type="stmt" count="12"/>
      <line num="39" type="stmt" count="12"/>
      <line num="45" type="method" name="getId" visibility="public" complexity="1" crap="1" count="11"/>
      <line num="47" type="stmt" count="11"/>
      <line num="53" type="method" name="getTitle" visibility="public" complexity="1" crap="1" count="11"/>
      <line num="55" type="stmt" count="11"/>
      <line num="61" type="method" name="getSummary" visibility="public" complexity="1" crap="1" count="11"/>
      <line num="63" type="stmt" count="11"/>
      <line num="70" type="method" name="getCreatedById" visibility="public" complexity="1" crap="1" count="11"/>
      <line num="72" type="stmt" count="11"/>
      <line num="79" type="method" name="getCreatedByName" visibility="public" complexity="1" crap="1" count="11"/>
      <line num="81" type="stmt" count="11"/>
      <line num="87" type="method" name="getCreatedAt" visibility="public" complexity="1" crap="1" count="11"/>
      <line num="89" type="stmt" count="11"/>
      <line num="95" type="method" name="getTags" visibility="public" complexity="1" crap="1" count="11"/>
      <line num="97" type="stmt" count="11"/>
      <line num="101" type="stmt" count="1"/>
      <metrics loc="100" ncloc="76" classes="1" methods="8" coveredmethods="8" conditionals="0" coveredconditionals="0" statements="16" coveredstatements="16" elements="24" coveredelements="24"/>
    </file>
    <file name="/home/exsio/poligon/php-symfony-arch/src/Modules/Comments/Api/Event/Inbound/PostDeletedCommentsIEvent.php">
      <class name="App\Modules\Comments\Api\Event\Inbound\PostDeletedCommentsIEvent" namespace="global">
        <metrics complexity="2" methods="2" coveredmethods="2" conditionals="0" coveredconditionals="0" statements="4" coveredstatements="4" elements="6" coveredelements="6"/>
      </class>
      <line num="17" type="method" name="__construct" visibility="public" complexity="1" crap="1" count="3"/>
      <line num="19" type="stmt" count="3"/>
      <line num="20" type="stmt" count="3"/>
      <line num="21" type="stmt" count="3"/>
      <line num="27" type="method" name="getId" visibility="public" complexity="1" crap="1" count="2"/>
      <line num="29" type="stmt" count="2"/>
      <line num="32" type="stmt" count="1"/>
      <metrics loc="31" ncloc="25" classes="1" methods="2" coveredmethods="2" conditionals="0" coveredconditionals="0" statements="4" coveredstatements="4" elements="6" coveredelements="6"/>
    </file>
    <file name="/home/exsio/poligon/php-symfony-arch/src/Modules/Comments/Api/Event/Inbound/PostUpdatedCommentsIEvent.php">
      <class name="App\Modules\Comments\Api\Event\Inbound\PostUpdatedCommentsIEvent" namespace="global">
        <metrics complexity="7" methods="7" coveredmethods="6" conditionals="0" coveredconditionals="0" statements="14" coveredstatements="13" elements="21" coveredelements="19"/>
      </class>
      <line num="27" type="method" name="__construct" visibility="public" complexity="1" crap="1" count="5"/>
      <line num="29" type="stmt" count="5"/>
      <line num="30" type="stmt" count="5"/>
      <line num="31" type="stmt" count="5"/>
      <line num="32" type="stmt" count="5"/>
      <line num="33" type="stmt" count="5"/>
      <line num="34" type="stmt" count="5"/>
      <line num="35" type="stmt" count="5"/>
      <line num="36" type="stmt" count="5"/>
      <line num="42" type="method" name="getId" visibility="public" complexity="1" crap="1" count="4"/>
      <line num="44" type="stmt" count="4"/>
      <line num="50" type="method" name="getTitle" visibility="public" complexity="1" crap="1" count="4"/>
      <line num="52" type="stmt" count="4"/>
      <line num="58" type="method" name="getSummary" visibility="public" complexity="1" crap="1" count="4"/>
      <line num="60" type="stmt" count="4"/>
      <line num="66" type="method" name="getTags" visibility="public" complexity="1" crap="1" count="4"/>
      <line num="68" type="stmt" count="4"/>
      <line num="74" type="method" name="getUpdatedAt" visibility="public" complexity="1" crap="2" count="0"/>
      <line num="76" type="stmt" count="0"/>
      <line num="82" type="method" name="getLastVersion" visibility="public" complexity="1" crap="1" count="4"/>
      <line num="84" type="stmt" count="4"/>
      <line num="86" type="stmt" count="1"/>
      <metrics loc="85" ncloc="64" classes="1" methods="7" coveredmethods="6" conditionals="0" coveredconditionals="0" statements="14" coveredstatements="13" elements="21" coveredelements="19"/>
    </file>
    <file name="/home/exsio/poligon/php-symfony-arch/src/Modules/Comments/Api/Event/Inbound/UserRenamedCommentsIEvent.php">
      <class name="App\Modules\Comments\Api\Event\Inbound\UserRenamedCommentsIEvent" namespace="global">
        <metrics complexity="3" methods="3" coveredmethods="3" conditionals="0" coveredconditionals="0" statements="6" coveredstatements="6" elements="9" coveredelements="9"/>
      </class>
      <line num="18" type="method" name="__construct" visibility="public" complexity="1" crap="1" count="3"/>
      <line num="20" type="stmt" count="3"/>
      <line num="21" type="stmt" count="3"/>
      <line num="22" type="stmt" count="3"/>
      <line num="23" type="stmt" count="3"/>
      <line num="28" type="method" name="getOldLogin" visibility="public" complexity="1" crap="1" count="2"/>
      <line num="30" type="stmt" count="2"/>
      <line num="36" type="method" name="getNewLogin" visibility="public" complexity="1" crap="1" count="2"/>
      <line num="38" type="stmt" count="2"/>
      <line num="42" type="stmt" count="1"/>
      <metrics loc="41" ncloc="32" classes="1" methods="3" coveredmethods="3" conditionals="0" coveredconditionals="0" statements="6" coveredstatements="6" elements="9" coveredelements="9"/>
    </file>
    <file name="/home/exsio/poligon/php-symfony-arch/src/Modules/Comments/Api/Query/FindCommentsByPostIdQuery.php">
      <class name="App\Modules\Comments\Api\Query\FindCommentsByPostIdQuery" namespace="global">
        <metrics complexity="2" methods="2" coveredmethods="2" conditionals="0" coveredconditionals="0" statements="3" coveredstatements="3" elements="5" coveredelements="5"/>
      </class>
      <line num="13" type="method" name="__construct" visibility="public" complexity="1" crap="1" count="4"/>
      <line num="17" type="stmt" count="4"/>
      <line num="22" type="method" name="getPostId" visibility="public" complexity="1" crap="1" count="4"/>
      <line num="24" type="stmt" count="4"/>
      <line num="28" type="stmt" count="1"/>
      <metrics loc="27" ncloc="21" classes="1" methods="2" coveredmethods="2" conditionals="0" coveredconditionals="0" statements="3" coveredstatements="3" elements="5" coveredelements="5"/>
    </file>
    <file name="/home/exsio/poligon/php-symfony-arch/src/Modules/Comments/Api/Query/FindCommentsPostHeadersQuery.php">
      <class name="App\Modules\Comments\Api\Query\FindCommentsPostHeadersQuery" namespace="global">
        <metrics complexity="0" methods="0" coveredmethods="0" conditionals="0" coveredconditionals="0" statements="0" coveredstatements="0" elements="0" coveredelements="0"/>
      </class>
      <line num="8" type="stmt" count="1"/>
      <metrics loc="7" ncloc="7" classes="0" methods="0" coveredmethods="0" conditionals="0" coveredconditionals="0" statements="0" coveredstatements="0" elements="0" coveredelements="0"/>
    </file>
    <file name="/home/exsio/poligon/php-symfony-arch/src/Modules/Comments/Api/Query/FindLatestCommentsQuery.php">
      <class name="App\Modules\Comments\Api\Query\FindLatestCommentsQuery" namespace="global">
        <metrics complexity="2" methods="2" coveredmethods="2" conditionals="0" coveredconditionals="0" statements="3" coveredstatements="3" elements="5" coveredelements="5"/>
      </class>
      <line num="11" type="method" name="__construct" visibility="public" complexity="1" crap="1" count="2"/>
      <line num="15" type="stmt" count="2"/>
      <line num="20" type="method" name="getPageNo" visibility="public" complexity="1" crap="1" count="2"/>
      <line num="22" type="stmt" count="2"/>
      <line num="26" type="stmt" count="1"/>
      <metrics loc="25" ncloc="19" classes="1" methods="2" coveredmethods="2" conditionals="0" coveredconditionals="0" statements="3" coveredstatements="3" elements="5" coveredelements="5"/>
    </file>
    <file name="/home/exsio/poligon/php-symfony-arch/src/Modules/Comments/Api/Query/Response/FindCommentsByPostIdQueryResponse.php">
      <class name="App\Modules\Comments\Api\Query\Response\FindCommentsByPostIdQueryResponse" namespace="global">
        <metrics complexity="6" methods="6" coveredmethods="6" conditionals="0" coveredconditionals="0" statements="7" coveredstatements="7" elements="13" coveredelements="13"/>
      </class>
      <line num="16" type="method" name="__construct" visibility="public" complexity="1" crap="1" count="4"/>
      <line num="24" type="stmt" count="4"/>
      <line num="29" type="method" name="getId" visibility="public" complexity="1" crap="1" count="4"/>
      <line num="31" type="stmt" count="4"/>
      <line num="37" type="method" name="getAuthor" visibility="public" complexity="1" crap="1" count="4"/>
      <line num="39" type="stmt" count="4"/>
      <line num="45" type="method" name="getBody" visibility="public" complexity="1" crap="1" count="4"/>
      <line num="47" type="stmt" count="4"/>
      <line num="53" type="method" name="getParentId" visibility="public" complexity="1" crap="1" count="4"/>
      <line num="55" type="stmt" count="4"/>
      <line num="61" type="method" name="getCreatedAt" visibility="public" complexity="1" crap="1" count="4"/>
      <line num="63" type="stmt" count="4"/>
      <line num="67" type="stmt" count="1"/>
      <metrics loc="66" ncloc="44" classes="1" methods="6" coveredmethods="6" conditionals="0" coveredconditionals="0" statements="7" coveredstatements="7" elements="13" coveredelements="13"/>
    </file>
    <file name="/home/exsio/poligon/php-symfony-arch/src/Modules/Comments/Api/Query/Response/FindCommentsPostHeadersQueryResponse.php">
      <class name="App\Modules\Comments\Api\Query\Response\FindCommentsPostHeadersQueryResponse" namespace="global">
        <metrics complexity="9" methods="9" coveredmethods="9" conditionals="0" coveredconditionals="0" statements="10" coveredstatements="10" elements="19" coveredelements="19"/>
      </class>
      <line num="19" type="method" name="__construct" visibility="public" complexity="1" crap="1" count="8"/>
      <line num="28" type="stmt" count="8"/>
      <line num="33" type="method" name="getId" visibility="public" complexity="1" crap="1" count="6"/>
      <line num="35" type="stmt" count="6"/>
      <line num="42" type="method" name="getTitle" visibility="public" complexity="1" crap="1" count="2"/>
      <line num="44" type="stmt" count="2"/>
      <line num="50" type="method" name="getSummary" visibility="public" complexity="1" crap="1" count="2"/>
      <line num="52" type="stmt" count="2"/>
      <line num="58" type="method" name="getTags" visibility="public" complexity="1" crap="1" count="2"/>
      <line num="60" type="stmt" count="2"/>
      <line num="66" type="method" name="getCreatedById" visibility="public" complexity="1" crap="1" count="1"/>
      <line num="68" type="stmt" count="1"/>
      <line num="74" type="method" name="getCreatedByName" visibility="public" complexity="1" crap="1" count="3"/>
      <line num="76" type="stmt" count="3"/>
      <line num="82" type="method" name="getCreatedAt" visibility="public" complexity="1" crap="1" count="1"/>
      <line num="84" type="stmt" count="1"/>
      <line num="89" type="method" name="getVersion" visibility="public" complexity="1" crap="1" count="2"/>
      <line num="91" type="stmt" count="2"/>
      <line num="93" type="stmt" count="1"/>
      <metrics loc="92" ncloc="58" classes="1" methods="9" coveredmethods="9" conditionals="0" coveredconditionals="0" statements="10" coveredstatements="10" elements="19" coveredelements="19"/>
    </file>
    <file name="/home/exsio/poligon/php-symfony-arch/src/Modules/Comments/Api/Query/Response/FindLatestCommentsQueryResponse.php">
      <class name="App\Modules\Comments\Api\Query\Response\FindLatestCommentsQueryResponse" namespace="global">
        <metrics complexity="11" methods="11" coveredmethods="11" conditionals="0" coveredconditionals="0" statements="12" coveredstatements="12" elements="23" coveredelements="23"/>
      </class>
      <line num="22" type="method" name="__construct" visibility="public" complexity="1" crap="1" count="2"/>
      <line num="35" type="stmt" count="2"/>
      <line num="40" type="method" name="getId" visibility="public" complexity="1" crap="1" count="2"/>
      <line num="42" type="stmt" count="2"/>
      <line num="48" type="method" name="getAuthor" visibility="public" complexity="1" crap="1" count="2"/>
      <line num="50" type="stmt" count="2"/>
      <line num="56" type="method" name="getBody" visibility="public" complexity="1" crap="1" count="2"/>
      <line num="58" type="stmt" count="2"/>
      <line num="64" type="method" name="getParentId" visibility="public" complexity="1" crap="1" count="2"/>
      <line num="66" type="stmt" count="2"/>
      <line num="72" type="method" name="getCreatedAt" visibility="public" complexity="1" crap="1" count="2"/>
      <line num="74" type="stmt" count="2"/>
      <line num="80" type="method" name="getPostId" visibility="public" complexity="1" crap="1" count="1"/>
      <line num="82" type="stmt" count="1"/>
      <line num="88" type="method" name="getPostTitle" visibility="public" complexity="1" crap="1" count="1"/>
      <line num="90" type="stmt" count="1"/>
      <line num="96" type="method" name="getPostSummary" visibility="public" complexity="1" crap="1" count="1"/>
      <line num="98" type="stmt" count="1"/>
      <line num="104" type="method" name="getPostCommentsCount" visibility="public" complexity="1" crap="1" count="1"/>
      <line num="106" type="stmt" count="1"/>
      <line num="112" type="method" name="getPostTags" visibility="public" complexity="1" crap="1" count="1"/>
      <line num="114" type="stmt" count="1"/>
      <line num="118" type="stmt" count="1"/>
      <metrics loc="117" ncloc="75" classes="1" methods="11" coveredmethods="11" conditionals="0" coveredconditionals="0" statements="12" coveredstatements="12" elements="23" coveredelements="23"/>
    </file>
    <file name="/home/exsio/poligon/php-symfony-arch/src/Modules/Comments/Domain/CommentsApi.php">
      <class name="App\Modules\Comments\Domain\CommentsApi" namespace="global">
        <metrics complexity="2" methods="2" coveredmethods="2" conditionals="0" coveredconditionals="0" statements="13" coveredstatements="13" elements="15" coveredelements="15"/>
      </class>
      <line num="66" type="method" name="__construct" visibility="public" complexity="1" crap="1" count="12"/>
      <line num="78" type="stmt" count="12"/>
      <line num="79" type="stmt" count="12"/>
      <line num="80" type="stmt" count="12"/>
      <line num="81" type="stmt" count="12"/>
      <line num="82" type="stmt" count="12"/>
      <line num="83" type="stmt" count="12"/>
      <line num="84" type="stmt" count="12"/>
      <line num="85" type="stmt" count="12"/>
      <line num="86" type="stmt" count="12"/>
      <line num="91" type="method" name="subscribe" visibility="protected" complexity="1" crap="1" count="12"/>
      <line num="94" type="stmt" count="12"/>
      <line num="95" type="stmt" count="12"/>
      <line num="96" type="stmt" count="12"/>
      <line num="97" type="stmt" count="12"/>
      <line num="100" type="stmt" count="1"/>
      <metrics loc="99" ncloc="86" classes="1" methods="2" coveredmethods="2" conditionals="0" coveredconditionals="0" statements="13" coveredstatements="13" elements="15" coveredelements="15"/>
    </file>
    <file name="/home/exsio/poligon/php-symfony-arch/src/Modules/Comments/Domain/Dto/CommentDto.php">
      <class name="App\Modules\Comments\Domain\Dto\CommentDto" namespace="global">
        <metrics complexity="7" methods="7" coveredmethods="7" conditionals="0" coveredconditionals="0" statements="12" coveredstatements="12" elements="19" coveredelements="19"/>
      </class>
      <line num="16" type="method" name="__construct" visibility="public" complexity="1" crap="1" count="8"/>
      <line num="24" type="stmt" count="8"/>
      <line num="29" type="method" name="getId" visibility="public" complexity="1" crap="1" count="4"/>
      <line num="31" type="stmt" count="4"/>
      <line num="37" type="method" name="getAuthor" visibility="public" complexity="1" crap="1" count="4"/>
      <line num="39" type="stmt" count="4"/>
      <line num="45" type="method" name="getBody" visibility="public" complexity="1" crap="1" count="4"/>
      <line num="47" type="stmt" count="4"/>
      <line num="53" type="method" name="getParentId" visibility="public" complexity="1" crap="1" count="4"/>
      <line num="55" type="stmt" count="4"/>
      <line num="61" type="method" name="getCreatedAt" visibility="public" complexity="1" crap="1" count="4"/>
      <line num="63" type="stmt" count="4"/>
      <line num="67" type="method" name="jsonSerialize" visibility="public" complexity="1" crap="1" count="8"/>
      <line num="70" type="stmt" count="8"/>
      <line num="71" type="stmt" count="8"/>
      <line num="72" type="stmt" count="8"/>
      <line num="73" type="stmt" count="8"/>
      <line num="74" type="stmt" count="8"/>
      <line num="77" type="stmt" count="1"/>
      <metrics loc="76" ncloc="54" classes="1" methods="7" coveredmethods="7" conditionals="0" coveredconditionals="0" statements="12" coveredstatements="12" elements="19" coveredelements="19"/>
    </file>
    <file name="/home/exsio/poligon/php-symfony-arch/src/Modules/Comments/Domain/Dto/CommentWithPostDto.php">
      <class name="App\Modules\Comments\Domain\Dto\CommentWithPostDto" namespace="global">
        <metrics complexity="11" methods="11" coveredmethods="11" conditionals="0" coveredconditionals="0" statements="12" coveredstatements="12" elements="23" coveredelements="23"/>
      </class>
      <line num="22" type="method" name="__construct" visibility="public" complexity="1" crap="1" count="2"/>
      <line num="35" type="stmt" count="2"/>
      <line num="40" type="method" name="getId" visibility="public" complexity="1" crap="1" count="2"/>
      <line num="42" type="stmt" count="2"/>
      <line num="48" type="method" name="getAuthor" visibility="public" complexity="1" crap="1" count="2"/>
      <line num="50" type="stmt" count="2"/>
      <line num="56" type="method" name="getBody" visibility="public" complexity="1" crap="1" count="2"/>
      <line num="58" type="stmt" count="2"/>
      <line num="64" type="method" name="getParentId" visibility="public" complexity="1" crap="1" count="2"/>
      <line num="66" type="stmt" count="2"/>
      <line num="72" type="method" name="getCreatedAt" visibility="public" complexity="1" crap="1" count="2"/>
      <line num="74" type="stmt" count="2"/>
      <line num="80" type="method" name="getPostId" visibility="public" complexity="1" crap="1" count="2"/>
      <line num="82" type="stmt" count="2"/>
      <line num="88" type="method" name="getPostTitle" visibility="public" complexity="1" crap="1" count="2"/>
      <line num="90" type="stmt" count="2"/>
      <line num="96" type="method" name="getPostSummary" visibility="public" complexity="1" crap="1" count="2"/>
      <line num="98" type="stmt" count="2"/>
      <line num="104" type="method" name="getPostCommentsCount" visibility="public" complexity="1" crap="1" count="2"/>
      <line num="106" type="stmt" count="2"/>
      <line num="112" type="method" name="getPostTags" visibility="public" complexity="1" crap="1" count="2"/>
      <line num="114" type="stmt" count="2"/>
      <line num="118" type="stmt" count="1"/>
      <metrics loc="117" ncloc="75" classes="1" methods="11" coveredmethods="11" conditionals="0" coveredconditionals="0" statements="12" coveredstatements="12" elements="23" coveredelements="23"/>
    </file>
    <file name="/home/exsio/poligon/php-symfony-arch/src/Modules/Comments/Domain/Dto/CommentsPostHeaderDto.php">
      <class name="App\Modules\Comments\Domain\Dto\CommentsPostHeaderDto" namespace="global">
        <metrics complexity="9" methods="9" coveredmethods="9" conditionals="0" coveredconditionals="0" statements="10" coveredstatements="10" elements="19" coveredelements="19"/>
      </class>
      <line num="19" type="method" name="__construct" visibility="public" complexity="1" crap="1" count="9"/>
      <line num="28" type="stmt" count="9"/>
      <line num="33" type="method" name="getId" visibility="public" complexity="1" crap="1" count="9"/>
      <line num="35" type="stmt" count="9"/>
      <line num="42" type="method" name="getTitle" visibility="public" complexity="1" crap="1" count="8"/>
      <line num="44" type="stmt" count="8"/>
      <line num="51" type="method" name="getSummary" visibility="public" complexity="1" crap="1" count="8"/>
      <line num="53" type="stmt" count="8"/>
      <line num="59" type="method" name="getTags" visibility="public" complexity="1" crap="1" count="8"/>
      <line num="61" type="stmt" count="8"/>
      <line num="67" type="method" name="getCreatedById" visibility="public" complexity="1" crap="1" count="8"/>
      <line num="69" type="stmt" count="8"/>
      <line num="75" type="method" name="getCreatedByName" visibility="public" complexity="1" crap="1" count="8"/>
      <line num="77" type="stmt" count="8"/>
      <line num="83" type="method" name="getCreatedAt" visibility="public" complexity="1" crap="1" count="8"/>
      <line num="85" type="stmt" count="8"/>
      <line num="91" type="method" name="getVersion" visibility="public" complexity="1" crap="1" count="8"/>
      <line num="93" type="stmt" count="8"/>
      <line num="95" type="stmt" count="1"/>
      <metrics loc="94" ncloc="60" classes="1" methods="9" coveredmethods="9" conditionals="0" coveredconditionals="0" statements="10" coveredstatements="10" elements="19" coveredelements="19"/>
    </file>
    <file name="/home/exsio/poligon/php-symfony-arch/src/Modules/Comments/Domain/Dto/CreateNewCommentDto.php">
      <class name="App\Modules\Comments\Domain\Dto\CreateNewCommentDto" namespace="global">
        <metrics complexity="6" methods="6" coveredmethods="6" conditionals="0" coveredconditionals="0" statements="7" coveredstatements="7" elements="13" coveredelements="13"/>
      </class>
      <line num="16" type="method" name="__construct" visibility="public" complexity="1" crap="1" count="6"/>
      <line num="24" type="stmt" count="6"/>
      <line num="29" type="method" name="getPostId" visibility="public" complexity="1" crap="1" count="6"/>
      <line num="31" type="stmt" count="6"/>
      <line num="37" type="method" name="getAuthor" visibility="public" complexity="1" crap="1" count="6"/>
      <line num="39" type="stmt" count="6"/>
      <line num="45" type="method" name="getBody" visibility="public" complexity="1" crap="1" count="6"/>
      <line num="47" type="stmt" count="6"/>
      <line num="53" type="method" name="getParentId" visibility="public" complexity="1" crap="1" count="6"/>
      <line num="55" type="stmt" count="6"/>
      <line num="61" type="method" name="getCreatedAt" visibility="public" complexity="1" crap="1" count="6"/>
      <line num="63" type="stmt" count="6"/>
      <line num="67" type="stmt" count="1"/>
      <metrics loc="66" ncloc="44" classes="1" methods="6" coveredmethods="6" conditionals="0" coveredconditionals="0" statements="7" coveredstatements="7" elements="13" coveredelements="13"/>
    </file>
    <file name="/home/exsio/poligon/php-symfony-arch/src/Modules/Comments/Domain/Dto/CreateNewCommentsPostHeaderDto.php">
      <class name="App\Modules\Comments\Domain\Dto\CreateNewCommentsPostHeaderDto" namespace="global">
        <metrics complexity="10" methods="10" coveredmethods="10" conditionals="0" coveredconditionals="0" statements="11" coveredstatements="11" elements="21" coveredelements="21"/>
      </class>
      <line num="20" type="method" name="__construct" visibility="public" complexity="1" crap="1" count="11"/>
      <line num="30" type="stmt" count="11"/>
      <line num="35" type="method" name="getId" visibility="public" complexity="1" crap="1" count="11"/>
      <line num="37" type="stmt" count="11"/>
      <line num="44" type="method" name="getTitle" visibility="public" complexity="1" crap="1" count="11"/>
      <line num="46" type="stmt" count="11"/>
      <line num="52" type="method" name="getSummary" visibility="public" complexity="1" crap="1" count="11"/>
      <line num="54" type="stmt" count="11"/>
      <line num="60" type="method" name="getTags" visibility="public" complexity="1" crap="1" count="11"/>
      <line num="62" type="stmt" count="11"/>
      <line num="68" type="method" name="getCreatedById" visibility="public" complexity="1" crap="1" count="11"/>
      <line num="70" type="stmt" count="11"/>
      <line num="76" type="method" name="getCreatedByName" visibility="public" complexity="1" crap="1" count="11"/>
      <line num="78" type="stmt" count="11"/>
      <line num="84" type="method" name="getCreatedAt" visibility="public" complexity="1" crap="1" count="11"/>
      <line num="86" type="stmt" count="11"/>
      <line num="92" type="method" name="getVersion" visibility="public" complexity="1" crap="1" count="11"/>
      <line num="94" type="stmt" count="11"/>
      <line num="100" type="method" name="getCommentsCount" visibility="public" complexity="1" crap="1" count="3"/>
      <line num="102" type="stmt" count="3"/>
      <line num="104" type="stmt" count="1"/>
      <metrics loc="103" ncloc="65" classes="1" methods="10" coveredmethods="10" conditionals="0" coveredconditionals="0" statements="11" coveredstatements="11" elements="21" coveredelements="21"/>
    </file>
    <file name="/home/exsio/poligon/php-symfony-arch/src/Modules/Comments/Domain/Dto/DeleteExistingCommentsPostHeaderDto.php">
      <class name="App\Modules\Comments\Domain\Dto\DeleteExistingCommentsPostHeaderDto" namespace="global">
        <metrics complexity="2" methods="2" coveredmethods="2" conditionals="0" coveredconditionals="0" statements="3" coveredstatements="3" elements="5" coveredelements="5"/>
      </class>
      <line num="12" type="method" name="__construct" visibility="public" complexity="1" crap="1" count="2"/>
      <line num="14" type="stmt" count="2"/>
      <line num="19" type="method" name="getId" visibility="public" complexity="1" crap="1" count="2"/>
      <line num="21" type="stmt" count="2"/>
      <line num="25" type="stmt" count="1"/>
      <metrics loc="24" ncloc="18" classes="1" methods="2" coveredmethods="2" conditionals="0" coveredconditionals="0" statements="3" coveredstatements="3" elements="5" coveredelements="5"/>
    </file>
    <file name="/home/exsio/poligon/php-symfony-arch/src/Modules/Comments/Domain/Dto/UpdateExistingCommentsPostHeaderDto.php">
      <class name="App\Modules\Comments\Domain\Dto\UpdateExistingCommentsPostHeaderDto" namespace="global">
        <metrics complexity="6" methods="6" coveredmethods="6" conditionals="0" coveredconditionals="0" statements="7" coveredstatements="7" elements="13" coveredelements="13"/>
      </class>
      <line num="16" type="method" name="__construct" visibility="public" complexity="1" crap="1" count="4"/>
      <line num="22" type="stmt" count="4"/>
      <line num="27" type="method" name="getId" visibility="public" complexity="1" crap="1" count="4"/>
      <line num="29" type="stmt" count="4"/>
      <line num="36" type="method" name="getTitle" visibility="public" complexity="1" crap="1" count="4"/>
      <line num="38" type="stmt" count="4"/>
      <line num="44" type="method" name="getSummary" visibility="public" complexity="1" crap="1" count="4"/>
      <line num="46" type="stmt" count="4"/>
      <line num="52" type="method" name="getTags" visibility="public" complexity="1" crap="1" count="4"/>
      <line num="54" type="stmt" count="4"/>
      <line num="60" type="method" name="getVersion" visibility="public" complexity="1" crap="1" count="4"/>
      <line num="62" type="stmt" count="4"/>
      <line num="64" type="stmt" count="1"/>
      <metrics loc="63" ncloc="41" classes="1" methods="6" coveredmethods="6" conditionals="0" coveredconditionals="0" statements="7" coveredstatements="7" elements="13" coveredelements="13"/>
    </file>
    <file name="/home/exsio/poligon/php-symfony-arch/src/Modules/Comments/Domain/Dto/UpdatedCommentsPostHeadersUserNameDto.php">
      <class name="App\Modules\Comments\Domain\Dto\UpdatedCommentsPostHeadersUserNameDto" namespace="global">
        <metrics complexity="3" methods="3" coveredmethods="3" conditionals="0" coveredconditionals="0" statements="4" coveredstatements="4" elements="7" coveredelements="7"/>
      </class>
      <line num="12" type="method" name="__construct" visibility="public" complexity="1" crap="1" count="2"/>
      <line num="17" type="stmt" count="2"/>
      <line num="22" type="method" name="getOldUserName" visibility="public" complexity="1" crap="1" count="2"/>
      <line num="24" type="stmt" count="2"/>
      <line num="30" type="method" name="getNewUserName" visibility="public" complexity="1" crap="1" count="2"/>
      <line num="32" type="stmt" count="2"/>
      <line num="36" type="stmt" count="1"/>
      <metrics loc="35" ncloc="25" classes="1" methods="3" coveredmethods="3" conditionals="0" coveredconditionals="0" statements="4" coveredstatements="4" elements="7" coveredelements="7"/>
    </file>
    <file name="/home/exsio/poligon/php-symfony-arch/src/Modules/Comments/Domain/Event/Outbound/CommentCreatedOEvent.php">
      <class name="App\Modules\Comments\Domain\Event\Outbound\CommentCreatedOEvent" namespace="global">
        <metrics complexity="1" methods="1" coveredmethods="1" conditionals="0" coveredconditionals="0" statements="4" coveredstatements="4" elements="5" coveredelements="5"/>
      </class>
      <line num="17" type="method" name="__construct" visibility="public" complexity="1" crap="1" count="7"/>
      <line num="22" type="stmt" count="7"/>
      <line num="24" type="stmt" count="7"/>
      <line num="25" type="stmt" count="7"/>
      <line num="28" type="stmt" count="7"/>
      <line num="29" type="stmt" count="1"/>
      <metrics loc="28" ncloc="24" classes="1" methods="1" coveredmethods="1" conditionals="0" coveredconditionals="0" statements="4" coveredstatements="4" elements="5" coveredelements="5"/>
    </file>
    <file name="/home/exsio/poligon/php-symfony-arch/src/Modules/Comments/Domain/Event/Outbound/CommentsBaselinedOEvent.php">
      <class name="App\Modules\Comments\Domain\Event\Outbound\CommentsBaselinedOEvent" namespace="global">
        <metrics complexity="1" methods="1" coveredmethods="1" conditionals="0" coveredconditionals="0" statements="4" coveredstatements="4" elements="5" coveredelements="5"/>
      </class>
      <line num="17" type="method" name="__construct" visibility="public" complexity="1" crap="1" count="2"/>
      <line num="22" type="stmt" count="2"/>
      <line num="24" type="stmt" count="2"/>
      <line num="25" type="stmt" count="2"/>
      <line num="28" type="stmt" count="2"/>
      <line num="29" type="stmt" count="1"/>
      <metrics loc="28" ncloc="24" classes="1" methods="1" coveredmethods="1" conditionals="0" coveredconditionals="0" statements="4" coveredstatements="4" elements="5" coveredelements="5"/>
    </file>
    <file name="/home/exsio/poligon/php-symfony-arch/src/Modules/Comments/Domain/Event/Outbound/CommentsCountUpdatedOEvent.php">
      <class name="App\Modules\Comments\Domain\Event\Outbound\CommentsCountUpdatedOEvent" namespace="global">
        <metrics complexity="1" methods="1" coveredmethods="1" conditionals="0" coveredconditionals="0" statements="4" coveredstatements="4" elements="5" coveredelements="5"/>
      </class>
      <line num="16" type="method" name="__construct" visibility="public" complexity="1" crap="1" count="7"/>
      <line num="21" type="stmt" count="7"/>
      <line num="23" type="stmt" count="7"/>
      <line num="24" type="stmt" count="7"/>
      <line num="27" type="stmt" count="7"/>
      <line num="28" type="stmt" count="1"/>
      <metrics loc="27" ncloc="23" classes="1" methods="1" coveredmethods="1" conditionals="0" coveredconditionals="0" statements="4" coveredstatements="4" elements="5" coveredelements="5"/>
    </file>
    <file name="/home/exsio/poligon/php-symfony-arch/src/Modules/Comments/Domain/Logic/CommentsBaseliner.php">
      <class name="App\Modules\Comments\Domain\Logic\CommentsBaseliner" namespace="global">
        <metrics complexity="3" methods="2" coveredmethods="2" conditionals="0" coveredconditionals="0" statements="7" coveredstatements="7" elements="9" coveredelements="9"/>
      </class>
      <line num="16" type="method" name="__construct" visibility="public" complexity="1" crap="1" count="12"/>
      <line num="22" type="stmt" count="12"/>
      <line num="24" type="method" name="baseline" visibility="public" complexity="2" crap="2" count="1"/>
      <line num="26" type="stmt" count="1"/>
      <line num="27" type="stmt" count="1"/>
      <line num="28" type="stmt" count="1"/>
      <line num="29" type="stmt" count="1"/>
      <line num="32" type="stmt" count="1"/>
      <line num="33" type="stmt" count="1"/>
      <metrics loc="32" ncloc="32" classes="1" methods="2" coveredmethods="2" conditionals="0" coveredconditionals="0" statements="7" coveredstatements="7" elements="9" coveredelements="9"/>
    </file>
    <file name="/home/exsio/poligon/php-symfony-arch/src/Modules/Comments/Domain/Logic/CommentsCreator.php">
      <class name="App\Modules\Comments\Domain\Logic\CommentsCreator" namespace="global">
        <metrics complexity="3" methods="3" coveredmethods="3" conditionals="0" coveredconditionals="0" statements="26" coveredstatements="26" elements="29" coveredelements="29"/>
      </class>
      <line num="26" type="method" name="__construct" visibility="public" complexity="1" crap="1" count="12"/>
      <line num="34" type="stmt" count="12"/>
      <line num="40" type="method" name="createComment" visibility="public" complexity="1" crap="1" count="7"/>
      <line num="42" type="stmt" count="7"/>
      <line num="43" type="stmt" count="6"/>
      <line num="44" type="stmt" count="6"/>
      <line num="45" type="stmt" count="6"/>
      <line num="46" type="stmt" count="6"/>
      <line num="47" type="stmt" count="6"/>
      <line num="48" type="stmt" count="6"/>
      <line num="49" type="stmt" count="6"/>
      <line num="50" type="stmt" count="6"/>
      <line num="51" type="stmt" count="6"/>
      <line num="52" type="stmt" count="6"/>
      <line num="53" type="stmt" count="6"/>
      <line num="54" type="stmt" count="6"/>
      <line num="58" type="stmt" count="6"/>
      <line num="59" type="stmt" count="6"/>
      <line num="60" type="stmt" count="6"/>
      <line num="61" type="stmt" count="6"/>
      <line num="62" type="stmt" count="6"/>
      <line num="69" type="method" name="fromCreateCommand" visibility="private" complexity="1" crap="1" count="6"/>
      <line num="71" type="stmt" count="6"/>
      <line num="72" type="stmt" count="6"/>
      <line num="73" type="stmt" count="6"/>
      <line num="74" type="stmt" count="6"/>
      <line num="75" type="stmt" count="6"/>
      <line num="76" type="stmt" count="6"/>
      <line num="79" type="stmt" count="1"/>
      <metrics loc="78" ncloc="63" classes="1" methods="3" coveredmethods="3" conditionals="0" coveredconditionals="0" statements="26" coveredstatements="26" elements="29" coveredelements="29"/>
    </file>
    <file name="/home/exsio/poligon/php-symfony-arch/src/Modules/Comments/Domain/Logic/CommentsFinder.php">
      <class name="App\Modules\Comments\Domain\Logic\CommentsFinder" namespace="global">
        <metrics complexity="3" methods="3" coveredmethods="3" conditionals="0" coveredconditionals="0" statements="31" coveredstatements="31" elements="34" coveredelements="34"/>
      </class>
      <line num="18" type="method" name="__construct" visibility="public" complexity="1" crap="1" count="12"/>
      <line num="22" type="stmt" count="12"/>
      <line num="29" type="method" name="findCommentsForPost" visibility="public" complexity="1" crap="1" count="4"/>
      <line num="31" type="stmt" count="4"/>
      <line num="32" type="stmt" count="4"/>
      <line num="33" type="stmt" count="4"/>
      <line num="34" type="stmt" count="4"/>
      <line num="35" type="stmt" count="4"/>
      <line num="36" type="stmt" count="4"/>
      <line num="37" type="stmt" count="4"/>
      <line num="38" type="stmt" count="4"/>
      <line num="39" type="stmt" count="4"/>
      <line num="41" type="stmt" count="4"/>
      <line num="42" type="stmt" count="4"/>
      <line num="49" type="method" name="findLatestComments" visibility="public" complexity="1" crap="1" count="2"/>
      <line num="51" type="stmt" count="2"/>
      <line num="52" type="stmt" count="2"/>
      <line num="53" type="stmt" count="2"/>
      <line num="54" type="stmt" count="2"/>
      <line num="55" type="stmt" count="2"/>
      <line num="56" type="stmt" count="2"/>
      <line num="57" type="stmt" count="2"/>
      <line num="58" type="stmt" count="2"/>
      <line num="59" type="stmt" count="2"/>
      <line num="60" type="stmt" count="2"/>
      <line num="61" type="stmt" count="2"/>
      <line num="62" type="stmt" count="2"/>
      <line num="63" type="stmt" count="2"/>
      <line num="64" type="stmt" count="2"/>
      <line num="65" type="stmt" count="2"/>
      <line num="67" type="stmt" count="2"/>
      <line num="68" type="stmt" count="2"/>
      <line num="70" type="stmt" count="2"/>
      <line num="72" type="stmt" count="1"/>
      <metrics loc="71" ncloc="60" classes="1" methods="3" coveredmethods="3" conditionals="0" coveredconditionals="0" statements="31" coveredstatements="31" elements="34" coveredelements="34"/>
    </file>
    <file name="/home/exsio/poligon/php-symfony-arch/src/Modules/Comments/Domain/Logic/CommentsValidator.php">
      <class name="App\Modules\Comments\Domain\Logic\CommentsValidator" namespace="global">
        <metrics complexity="7" methods="4" coveredmethods="3" conditionals="0" coveredconditionals="0" statements="12" coveredstatements="11" elements="16" coveredelements="14"/>
      </class>
      <line num="18" type="method" name="__construct" visibility="public" complexity="1" crap="1" count="12"/>
      <line num="23" type="stmt" count="12"/>
      <line num="28" type="method" name="preCreate" visibility="public" complexity="2" crap="2" count="7"/>
      <line num="30" type="stmt" count="7"/>
      <line num="31" type="stmt" count="6"/>
      <line num="32" type="stmt" count="5"/>
      <line num="34" type="stmt" count="6"/>
      <line num="39" type="method" name="validatePostExists" visibility="private" complexity="2" crap="2" count="7"/>
      <line num="41" type="stmt" count="7"/>
      <line num="42" type="stmt" count="1"/>
      <line num="44" type="stmt" count="6"/>
      <line num="49" type="method" name="validateCommentExists" visibility="private" complexity="2" crap="2.15" count="5"/>
      <line num="51" type="stmt" count="5"/>
      <line num="52" type="stmt" count="0"/>
      <line num="54" type="stmt" count="5"/>
      <line num="55" type="stmt" count="1"/>
      <metrics loc="54" ncloc="41" classes="1" methods="4" coveredmethods="3" conditionals="0" coveredconditionals="0" statements="12" coveredstatements="11" elements="16" coveredelements="14"/>
    </file>
    <file name="/home/exsio/poligon/php-symfony-arch/src/Modules/Comments/Domain/Logic/PostEventsHandler.php">
      <class name="App\Modules\Comments\Domain\Logic\PostEventsHandler" namespace="global">
        <metrics complexity="4" methods="4" coveredmethods="4" conditionals="0" coveredconditionals="0" statements="30" coveredstatements="30" elements="34" coveredelements="34"/>
      </class>
      <line num="22" type="method" name="__construct" visibility="public" complexity="1" crap="1" count="12"/>
      <line num="28" type="stmt" count="12"/>
      <line num="33" type="method" name="onPostCreated" visibility="public" complexity="1" crap="1" count="11"/>
      <line num="35" type="stmt" count="11"/>
      <line num="36" type="stmt" count="11"/>
      <line num="37" type="stmt" count="11"/>
      <line num="38" type="stmt" count="11"/>
      <line num="39" type="stmt" count="11"/>
      <line num="40" type="stmt" count="11"/>
      <line num="41" type="stmt" count="11"/>
      <line num="42" type="stmt" count="11"/>
      <line num="43" type="stmt" count="11"/>
      <line num="44" type="stmt" count="11"/>
      <line num="47" type="stmt" count="11"/>
      <line num="49" type="stmt" count="11"/>
      <line num="54" type="method" name="onPostUpdated" visibility="public" complexity="1" crap="1" count="4"/>
      <line num="56" type="stmt" count="4"/>
      <line num="57" type="stmt" count="4"/>
      <line num="58" type="stmt" count="4"/>
      <line num="59" type="stmt" count="4"/>
      <line num="60" type="stmt" count="4"/>
      <line num="61" type="stmt" count="4"/>
      <line num="62" type="stmt" count="4"/>
      <line num="63" type="stmt" count="4"/>
      <line num="66" type="stmt" count="4"/>
      <line num="68" type="stmt" count="4"/>
      <line num="73" type="method" name="onPostDeleted" visibility="public" complexity="1" crap="1" count="2"/>
      <line num="75" type="stmt" count="2"/>
      <line num="76" type="stmt" count="2"/>
      <line num="77" type="stmt" count="2"/>
      <line num="78" type="stmt" count="2"/>
      <line num="80" type="stmt" count="2"/>
      <line num="82" type="stmt" count="2"/>
      <line num="83" type="stmt" count="1"/>
[...]
      <line num="61" type="stmt" count="3"/>
      <line num="62" type="stmt" count="3"/>
      <line num="67" type="method" name="getPosts" visibility="public" complexity="2" crap="2" count="3"/>
      <line num="69" type="stmt" count="3"/>
      <line num="70" type="stmt" count="3"/>
      <line num="72" type="stmt" count="3"/>
      <line num="78" type="method" name="setPosts" visibility="public" complexity="1" crap="2" count="0"/>
      <line num="80" type="stmt" count="0"/>
      <line num="81" type="stmt" count="0"/>
      <line num="84" type="stmt" count="1"/>
      <metrics loc="83" ncloc="65" classes="1" methods="6" coveredmethods="2" conditionals="0" coveredconditionals="0" statements="11" coveredstatements="5" elements="17" coveredelements="7"/>
    </file>
    <file name="/home/exsio/poligon/php-symfony-arch/src/Modules/Tags/Persistence/Doctrine/Entity/TagPostHeader.php">
      <class name="App\Modules\Tags\Persistence\Doctrine\Entity\TagPostHeader" namespace="global">
        <metrics complexity="20" methods="20" coveredmethods="9" conditionals="0" coveredconditionals="0" statements="30" coveredstatements="18" elements="50" coveredelements="27"/>
      </class>
      <line num="49" type="method" name="getId" visibility="public" complexity="1" crap="2" count="0"/>
      <line num="51" type="stmt" count="0"/>
      <line num="57" type="method" name="setId" visibility="public" complexity="1" crap="1" count="3"/>
      <line num="59" type="stmt" count="3"/>
      <line num="60" type="stmt" count="3"/>
      <line num="65" type="method" name="getTitle" visibility="public" complexity="1" crap="2" count="0"/>
      <line num="67" type="stmt" count="0"/>
      <line num="73" type="method" name="setTitle" visibility="public" complexity="1" crap="1" count="3"/>
      <line num="75" type="stmt" count="3"/>
      <line num="76" type="stmt" count="3"/>
      <line num="81" type="method" name="getSummary" visibility="public" complexity="1" crap="2" count="0"/>
      <line num="83" type="stmt" count="0"/>
      <line num="89" type="method" name="setSummary" visibility="public" complexity="1" crap="1" count="3"/>
      <line num="91" type="stmt" count="3"/>
      <line num="92" type="stmt" count="3"/>
      <line num="97" type="method" name="getCommentsCount" visibility="public" complexity="1" crap="2" count="0"/>
      <line num="99" type="stmt" count="0"/>
      <line num="105" type="method" name="setCommentsCount" visibility="public" complexity="1" crap="1" count="3"/>
      <line num="107" type="stmt" count="3"/>
      <line num="108" type="stmt" count="3"/>
      <line num="113" type="method" name="getTags" visibility="public" complexity="1" crap="2" count="0"/>
      <line num="115" type="stmt" count="0"/>
      <line num="121" type="method" name="setTags" visibility="public" complexity="1" crap="2" count="0"/>
      <line num="123" type="stmt" count="0"/>
      <line num="124" type="stmt" count="0"/>
      <line num="129" type="method" name="getCreatedById" visibility="public" complexity="1" crap="2" count="0"/>
      <line num="131" type="stmt" count="0"/>
      <line num="137" type="method" name="setCreatedById" visibility="public" complexity="1" crap="1" count="3"/>
      <line num="139" type="stmt" count="3"/>
      <line num="140" type="stmt" count="3"/>
      <line num="145" type="method" name="getCreatedByName" visibility="public" complexity="1" crap="2" count="0"/>
      <line num="147" type="stmt" count="0"/>
      <line num="153" type="method" name="setCreatedByName" visibility="public" complexity="1" crap="1" count="3"/>
      <line num="155" type="stmt" count="3"/>
      <line num="156" type="stmt" count="3"/>
      <line num="161" type="method" name="getCreatedAt" visibility="public" complexity="1" crap="2" count="0"/>
      <line num="163" type="stmt" count="0"/>
      <line num="169" type="method" name="setCreatedAt" visibility="public" complexity="1" crap="1" count="3"/>
      <line num="171" type="stmt" count="3"/>
      <line num="172" type="stmt" count="3"/>
      <line num="178" type="method" name="getVersion" visibility="public" complexity="1" crap="2" count="0"/>
      <line num="180" type="stmt" count="0"/>
      <line num="186" type="method" name="setVersion" visibility="public" complexity="1" crap="1" count="3"/>
      <line num="188" type="stmt" count="3"/>
      <line num="189" type="stmt" count="3"/>
      <line num="194" type="method" name="getFlatTags" visibility="public" complexity="1" crap="2" count="0"/>
      <line num="196" type="stmt" count="0"/>
      <line num="202" type="method" name="setFlatTags" visibility="public" complexity="1" crap="1" count="3"/>
      <line num="204" type="stmt" count="3"/>
      <line num="205" type="stmt" count="3"/>
      <line num="210" type="stmt" count="1"/>
      <metrics loc="209" ncloc="149" classes="1" methods="20" coveredmethods="9" conditionals="0" coveredconditionals="0" statements="30" coveredstatements="18" elements="50" coveredelements="27"/>
    </file>
    <file name="/home/exsio/poligon/php-symfony-arch/src/Modules/Tags/Persistence/Doctrine/Repository/DoctrineTagsCommentsEventHandlingRepository.php">
      <class name="App\Modules\Tags\Persistence\Doctrine\Repository\DoctrineTagsCommentsEventHandlingRepository" namespace="global">
        <metrics complexity="1" methods="1" coveredmethods="1" conditionals="0" coveredconditionals="0" statements="10" coveredstatements="10" elements="11" coveredelements="11"/>
      </class>
      <line num="15" type="method" name="updatePostCommentsCount" visibility="public" complexity="1" crap="1" count="1"/>
      <line num="17" type="stmt" count="1"/>
      <line num="18" type="stmt" count="1"/>
      <line num="19" type="stmt" count="1"/>
      <line num="20" type="stmt" count="1"/>
      <line num="21" type="stmt" count="1"/>
      <line num="22" type="stmt" count="1"/>
      <line num="23" type="stmt" count="1"/>
      <line num="24" type="stmt" count="1"/>
      <line num="25" type="stmt" count="1"/>
      <line num="26" type="stmt" count="1"/>
      <line num="27" type="stmt" count="1"/>
      <metrics loc="26" ncloc="23" classes="1" methods="1" coveredmethods="1" conditionals="0" coveredconditionals="0" statements="10" coveredstatements="10" elements="11" coveredelements="11"/>
    </file>
    <file name="/home/exsio/poligon/php-symfony-arch/src/Modules/Tags/Persistence/Doctrine/Repository/DoctrineTagsDeletingRepository.php">
      <class name="App\Modules\Tags\Persistence\Doctrine\Repository\DoctrineTagsDeletingRepository" namespace="global">
        <metrics complexity="1" methods="1" coveredmethods="1" conditionals="0" coveredconditionals="0" statements="21" coveredstatements="21" elements="22" coveredelements="22"/>
      </class>
      <line num="11" type="method" name="deleteEmptyTags" visibility="public" complexity="1" crap="1" count="3"/>
      <line num="13" type="stmt" count="3"/>
      <line num="14" type="stmt" count="3"/>
      <line num="15" type="stmt" count="3"/>
      <line num="16" type="stmt" count="3"/>
      <line num="17" type="stmt" count="3"/>
      <line num="18" type="stmt" count="3"/>
      <line num="19" type="stmt" count="3"/>
      <line num="20" type="stmt" count="3"/>
      <line num="21" type="stmt" count="3"/>
      <line num="22" type="stmt" count="3"/>
      <line num="23" type="stmt" count="3"/>
      <line num="24" type="stmt" count="3"/>
      <line num="27" type="stmt" count="3"/>
      <line num="28" type="stmt" count="3"/>
      <line num="30" type="stmt" count="3"/>
      <line num="31" type="stmt" count="3"/>
      <line num="32" type="stmt" count="3"/>
      <line num="33" type="stmt" count="3"/>
      <line num="34" type="stmt" count="3"/>
      <line num="35" type="stmt" count="3"/>
      <line num="37" type="stmt" count="3"/>
      <line num="38" type="stmt" count="1"/>
      <metrics loc="37" ncloc="37" classes="1" methods="1" coveredmethods="1" conditionals="0" coveredconditionals="0" statements="21" coveredstatements="21" elements="22" coveredelements="22"/>
    </file>
    <file name="/home/exsio/poligon/php-symfony-arch/src/Modules/Tags/Persistence/Doctrine/Repository/DoctrineTagsFindingRepository.php">
      <class name="App\Modules\Tags\Persistence\Doctrine\Repository\DoctrineTagsFindingRepository" namespace="global">
        <metrics complexity="1" methods="1" coveredmethods="1" conditionals="0" coveredconditionals="0" statements="6" coveredstatements="6" elements="7" coveredelements="7"/>
      </class>
      <line num="14" type="method" name="findTags" visibility="public" complexity="1" crap="1" count="3"/>
      <line num="16" type="stmt" count="3"/>
      <line num="17" type="stmt" count="3"/>
      <line num="19" type="stmt" count="3"/>
      <line num="20" type="stmt" count="3"/>
      <line num="21" type="stmt" count="3"/>
      <line num="25" type="stmt" count="3"/>
      <line num="27" type="stmt" count="1"/>
      <metrics loc="26" ncloc="23" classes="1" methods="1" coveredmethods="1" conditionals="0" coveredconditionals="0" statements="6" coveredstatements="6" elements="7" coveredelements="7"/>
    </file>
    <file name="/home/exsio/poligon/php-symfony-arch/src/Modules/Tags/Persistence/Doctrine/Repository/DoctrineTagsPostEventsHandlingRepository.php">
      <class name="App\Modules\Tags\Persistence\Doctrine\Repository\DoctrineTagsPostEventsHandlingRepository" namespace="global">
        <metrics complexity="3" methods="3" coveredmethods="3" conditionals="0" coveredconditionals="0" statements="36" coveredstatements="36" elements="39" coveredelements="39"/>
      </class>
      <line num="16" type="method" name="createPostHeader" visibility="public" complexity="1" crap="1" count="3"/>
      <line num="18" type="stmt" count="3"/>
      <line num="19" type="stmt" count="3"/>
      <line num="20" type="stmt" count="3"/>
      <line num="21" type="stmt" count="3"/>
      <line num="22" type="stmt" count="3"/>
      <line num="23" type="stmt" count="3"/>
      <line num="24" type="stmt" count="3"/>
      <line num="25" type="stmt" count="3"/>
      <line num="26" type="stmt" count="3"/>
      <line num="27" type="stmt" count="3"/>
      <line num="28" type="stmt" count="3"/>
      <line num="29" type="stmt" count="3"/>
      <line num="34" type="method" name="updatePostHeader" visibility="public" complexity="1" crap="1" count="1"/>
      <line num="36" type="stmt" count="1"/>
      <line num="37" type="stmt" count="1"/>
      <line num="38" type="stmt" count="1"/>
      <line num="39" type="stmt" count="1"/>
      <line num="40" type="stmt" count="1"/>
      <line num="41" type="stmt" count="1"/>
      <line num="42" type="stmt" count="1"/>
      <line num="43" type="stmt" count="1"/>
      <line num="44" type="stmt" count="1"/>
      <line num="45" type="stmt" count="1"/>
      <line num="46" type="stmt" count="1"/>
      <line num="47" type="stmt" count="1"/>
      <line num="48" type="stmt" count="1"/>
      <line num="49" type="stmt" count="1"/>
      <line num="50" type="stmt" count="1"/>
      <line num="51" type="stmt" count="1"/>
      <line num="56" type="method" name="deletePostHeader" visibility="public" complexity="1" crap="1" count="1"/>
      <line num="58" type="stmt" count="1"/>
      <line num="60" type="stmt" count="1"/>
      <line num="61" type="stmt" count="1"/>
      <line num="62" type="stmt" count="1"/>
      <line num="63" type="stmt" count="1"/>
      <line num="64" type="stmt" count="1"/>
      <line num="65" type="stmt" count="1"/>
      <line num="66" type="stmt" count="1"/>
      <line num="67" type="stmt" count="1"/>
      <metrics loc="66" ncloc="57" classes="1" methods="3" coveredmethods="3" conditionals="0" coveredconditionals="0" statements="36" coveredstatements="36" elements="39" coveredelements="39"/>
    </file>
    <file name="/home/exsio/poligon/php-symfony-arch/src/Modules/Tags/Persistence/Doctrine/Repository/DoctrineTagsPostHeadersFindingRepository.php">
      <class name="App\Modules\Tags\Persistence\Doctrine\Repository\DoctrineTagsPostHeadersFindingRepository" namespace="global">
        <metrics complexity="3" methods="3" coveredmethods="2" conditionals="0" coveredconditionals="0" statements="24" coveredstatements="18" elements="27" coveredelements="20"/>
      </class>
      <line num="16" type="method" name="findPostHeaders" visibility="public" complexity="1" crap="2" count="0"/>
      <line num="18" type="stmt" count="0"/>
      <line num="19" type="stmt" count="0"/>
      <line num="20" type="stmt" count="0"/>
      <line num="21" type="stmt" count="0"/>
      <line num="22" type="stmt" count="0"/>
      <line num="24" type="stmt" count="0"/>
      <line num="31" type="method" name="findPostHeadersByTag" visibility="public" complexity="1" crap="1" count="3"/>
      <line num="33" type="stmt" count="3"/>
      <line num="34" type="stmt" count="3"/>
      <line num="35" type="stmt" count="3"/>
      <line num="36" type="stmt" count="3"/>
      <line num="37" type="stmt" count="3"/>
      <line num="39" type="stmt" count="3"/>
      <line num="40" type="stmt" count="3"/>
      <line num="41" type="stmt" count="3"/>
      <line num="42" type="stmt" count="3"/>
      <line num="43" type="stmt" count="3"/>
      <line num="44" type="stmt" count="3"/>
      <line num="45" type="stmt" count="3"/>
      <line num="46" type="stmt" count="3"/>
      <line num="48" type="stmt" count="3"/>
      <line num="52" type="method" name="getCount" visibility="private" complexity="1" crap="1" count="3"/>
      <line num="54" type="stmt" count="3"/>
      <line num="55" type="stmt" count="3"/>
      <line num="56" type="stmt" count="3"/>
      <line num="58" type="stmt" count="3"/>
      <line num="60" type="stmt" count="1"/>
      <metrics loc="59" ncloc="52" classes="1" methods="3" coveredmethods="2" conditionals="0" coveredconditionals="0" statements="24" coveredstatements="18" elements="27" coveredelements="20"/>
    </file>
    <file name="/home/exsio/poligon/php-symfony-arch/src/Modules/Tags/Persistence/Doctrine/Repository/DoctrineTagsRepository.php">
      <class name="App\Modules\Tags\Persistence\Doctrine\Repository\DoctrineTagsRepository" namespace="global">
        <metrics complexity="1" methods="1" coveredmethods="1" conditionals="0" coveredconditionals="0" statements="1" coveredstatements="1" elements="2" coveredelements="2"/>
      </class>
      <line num="13" type="method" name="getManagerName" visibility="protected" complexity="1" crap="1" count="3"/>
      <line num="15" type="stmt" count="3"/>
      <line num="17" type="stmt" count="1"/>
      <metrics loc="16" ncloc="13" classes="1" methods="1" coveredmethods="1" conditionals="0" coveredconditionals="0" statements="1" coveredstatements="1" elements="2" coveredelements="2"/>
    </file>
    <file name="/home/exsio/poligon/php-symfony-arch/src/Modules/Tags/Persistence/Doctrine/Repository/DoctrineTagsSecurityEventsHandlingRepository.php">
      <class name="App\Modules\Tags\Persistence\Doctrine\Repository\DoctrineTagsSecurityEventsHandlingRepository" namespace="global">
        <metrics complexity="1" methods="1" coveredmethods="1" conditionals="0" coveredconditionals="0" statements="10" coveredstatements="10" elements="11" coveredelements="11"/>
      </class>
      <line num="12" type="method" name="updateUserName" visibility="public" complexity="1" crap="1" count="1"/>
      <line num="15" type="stmt" count="1"/>
      <line num="16" type="stmt" count="1"/>
      <line num="17" type="stmt" count="1"/>
      <line num="18" type="stmt" count="1"/>
      <line num="19" type="stmt" count="1"/>
      <line num="20" type="stmt" count="1"/>
      <line num="21" type="stmt" count="1"/>
      <line num="22" type="stmt" count="1"/>
      <line num="23" type="stmt" count="1"/>
      <line num="24" type="stmt" count="1"/>
      <line num="25" type="stmt" count="1"/>
      <metrics loc="24" ncloc="24" classes="1" methods="1" coveredmethods="1" conditionals="0" coveredconditionals="0" statements="10" coveredstatements="10" elements="11" coveredelements="11"/>
    </file>
    <file name="/home/exsio/poligon/php-symfony-arch/src/Modules/Tags/Persistence/Doctrine/Repository/DoctrineTagsUpdatingRepository.php">
      <class name="App\Modules\Tags\Persistence\Doctrine\Repository\DoctrineTagsUpdatingRepository" namespace="global">
        <metrics complexity="7" methods="5" coveredmethods="5" conditionals="0" coveredconditionals="0" statements="28" coveredstatements="28" elements="33" coveredelements="33"/>
      </class>
      <line num="17" type="method" name="addPostToTag" visibility="public" complexity="1" crap="1" count="3"/>
      <line num="19" type="stmt" count="3"/>
      <line num="20" type="stmt" count="3"/>
      <line num="21" type="stmt" count="3"/>
      <line num="27" type="method" name="fetchTag" visibility="private" complexity="2" crap="2" count="3"/>
      <line num="29" type="stmt" count="3"/>
      <line num="30" type="stmt" count="3"/>
      <line num="31" type="stmt" count="3"/>
      <line num="33" type="stmt" count="3"/>
      <line num="41" type="method" name="createTag" visibility="private" complexity="1" crap="1" count="3"/>
      <line num="43" type="stmt" count="3"/>
      <line num="44" type="stmt" count="3"/>
      <line num="45" type="stmt" count="3"/>
      <line num="46" type="stmt" count="3"/>
      <line num="53" type="method" name="removePostFromTags" visibility="public" complexity="2" crap="2" count="3"/>
      <line num="55" type="stmt" count="3"/>
      <line num="56" type="stmt" count="3"/>
      <line num="57" type="stmt" count="3"/>
      <line num="58" type="stmt" count="3"/>
      <line num="59" type="stmt" count="1"/>
      <line num="61" type="stmt" count="3"/>
      <line num="67" type="method" name="getTags" visibility="private" complexity="1" crap="1" count="3"/>
      <line num="69" type="stmt" count="3"/>
      <line num="70" type="stmt" count="3"/>
      <line num="71" type="stmt" count="3"/>
      <line num="72" type="stmt" count="3"/>
      <line num="73" type="stmt" count="3"/>
      <line num="74" type="stmt" count="3"/>
      <line num="75" type="stmt" count="3"/>
      <line num="76" type="stmt" count="3"/>
      <line num="77" type="stmt" count="3"/>
      <line num="78" type="stmt" count="3"/>
      <line num="79" type="stmt" count="3"/>
      <line num="81" type="stmt" count="1"/>
      <metrics loc="80" ncloc="59" classes="1" methods="5" coveredmethods="5" conditionals="0" coveredconditionals="0" statements="28" coveredstatements="28" elements="33" coveredelements="33"/>
    </file>
    <file name="/home/exsio/poligon/php-symfony-arch/src/Modules/Tags/Persistence/Doctrine/Transactions/DoctrineTagsTransactionFactory.php">
      <class name="App\Modules\Tags\Persistence\Doctrine\Transactions\DoctrineTagsTransactionFactory" namespace="global">
        <metrics complexity="2" methods="2" coveredmethods="2" conditionals="0" coveredconditionals="0" statements="3" coveredstatements="3" elements="5" coveredelements="5"/>
      </class>
      <line num="14" type="method" name="__construct" visibility="public" complexity="1" crap="1" count="3"/>
      <line num="18" type="stmt" count="3"/>
      <line num="19" type="stmt" count="3"/>
      <line num="24" type="method" name="getManagerName" visibility="public" complexity="1" crap="1" count="3"/>
      <line num="26" type="stmt" count="3"/>
      <line num="28" type="stmt" count="1"/>
      <metrics loc="27" ncloc="21" classes="1" methods="2" coveredmethods="2" conditionals="0" coveredconditionals="0" statements="3" coveredstatements="3" elements="5" coveredelements="5"/>
    </file>
    <metrics files="230" loc="11845" ncloc="8995" classes="186" methods="793" coveredmethods="684" conditionals="0" coveredconditionals="0" statements="2202" coveredstatements="2039" elements="2995" coveredelements="2723"/>
  </project>
</coverage>
